"E:/ARCHIVOS/Proyectos 7/GameFeel/Content/Mannequin/Character/Mesh/UE4_Mannequin_Skeleton.uasset" 0
"E:/ARCHIVOS/Proyectos 7/GameFeel/Content/Mannequin/Animations/ThirdPerson_Jump.uasset" 1
"E:/ARCHIVOS/Proyectos 7/GameFeel/Content/Mannequin/Animations/ThirdPersonJump_Loop.uasset" 2
"E:/ARCHIVOS/Proyectos 7/GameFeel/Content/Mannequin/Animations/ThirdPersonJump_Start.uasset" 3
"E:/ARCHIVOS/Proyectos 7/GameFeel/Content/Mannequin/Animations/ThirdPersonIdle.uasset" 4
"E:/ARCHIVOS/Proyectos 7/GameFeel/Content/Mannequin/Animations/ThirdPersonRun.uasset" 5
"E:/ARCHIVOS/Proyectos 7/GameFeel/Content/Mannequin/Animations/ThirdPersonWalk.uasset" 6
"E:/ARCHIVOS/Proyectos 7/GameFeel/Content/Mannequin/Animations/ThirdPerson_IdleRun_2D.uasset" 7
"../../../Engine/Content/EditorBlueprintResources/StandardMacros.uasset" 8
"E:/ARCHIVOS/Proyectos 7/GameFeel/Content/Mannequin/Animations/ThirdPerson_AnimBP.uasset" 9
"E:/ARCHIVOS/Proyectos 7/GameFeel/Content/Mannequin/Character/Materials/Thief_Mat.uasset" 10
"E:/ARCHIVOS/Proyectos 7/GameFeel/Content/ThiefBP/Blueprints/MyGameMode.uasset" 11
"E:/ARCHIVOS/Proyectos 7/GameFeel/Content/HUD/HUD-BP.uasset" 12
"E:/ARCHIVOS/Proyectos 7/GameFeel/Content/HUD/SELECT_LEVEL.uasset" 13
"E:/ARCHIVOS/Proyectos 7/GameFeel/Content/HUD/Menu.uasset" 14
"E:/ARCHIVOS/Proyectos 7/GameFeel/Content/HUD/PAUSE.uasset" 15
"../../../Engine/Content/Functions/Engine_MaterialFunctions02/Utility/BlendAngleCorrectedNormals.uasset" 16
"../../../Engine/Content/Functions/MaterialLayerFunctions/MatLayerBlend_NormalBlend.uasset" 17
"../../../Engine/Content/Functions/MaterialLayerFunctions/MatLayerBlend_Simple.uasset" 18
"E:/ARCHIVOS/Proyectos 7/GameFeel/Content/Mannequin/Character/Materials/MaterialLayers/T_ML_Rubber_Blue_01_D.uasset" 19
"E:/ARCHIVOS/Proyectos 7/GameFeel/Content/Mannequin/Character/Materials/MaterialLayers/T_ML_Rubber_Blue_01_N.uasset" 20
"E:/ARCHIVOS/Proyectos 7/GameFeel/Content/Mannequin/Character/Materials/MaterialLayers/ML_GlossyBlack_Latex_UE4.uasset" 21
"E:/ARCHIVOS/Proyectos 7/GameFeel/Content/Mannequin/Character/Materials/MaterialLayers/ML_Plastic_Shiny_Beige.uasset" 22
"E:/ARCHIVOS/Proyectos 7/GameFeel/Content/Mannequin/Character/Textures/UE4_LOGO_CARD.uasset" 23
"E:/ARCHIVOS/Proyectos 7/GameFeel/Content/Mannequin/Character/Materials/MaterialLayers/ML_Plastic_Shiny_Beige_LOGO.uasset" 24
"E:/ARCHIVOS/Proyectos 7/GameFeel/Content/Mannequin/Character/Materials/MaterialLayers/T_ML_Aluminum01.uasset" 25
"E:/ARCHIVOS/Proyectos 7/GameFeel/Content/Mannequin/Character/Materials/MaterialLayers/T_ML_Aluminum01_N.uasset" 26
"E:/ARCHIVOS/Proyectos 7/GameFeel/Content/Mannequin/Character/Materials/MaterialLayers/ML_SoftMetal_UE4.uasset" 27
"E:/ARCHIVOS/Proyectos 7/GameFeel/Content/Mannequin/Character/Textures/UE4_Mannequin__normals.uasset" 28
"E:/ARCHIVOS/Proyectos 7/GameFeel/Content/Mannequin/Character/Textures/UE4_Mannequin_MAT_MASKA.uasset" 29
"E:/ARCHIVOS/Proyectos 7/GameFeel/Content/Mannequin/Character/Materials/M_UE4Man_Body.uasset" 30
"E:/ARCHIVOS/Proyectos 7/GameFeel/Content/Mannequin/Character/Textures/UE4Man_Logo_N.uasset" 31
"E:/ARCHIVOS/Proyectos 7/GameFeel/Content/Mannequin/Character/Materials/M_UE4Man_ChestLogo.uasset" 32
"E:/ARCHIVOS/Proyectos 7/GameFeel/Content/Mannequin/Character/Mesh/SK_Mannequin_PhysicsAsset.uasset" 33
"E:/ARCHIVOS/Proyectos 7/GameFeel/Content/Mannequin/Character/Mesh/SK_Mannequin.uasset" 34
"E:/ARCHIVOS/Proyectos 7/GameFeel/Content/ThiefBP/Blueprints/ThiefCharacter.uasset" 35
"E:/ARCHIVOS/Proyectos 7/GameFeel/Content/Isometric-Interiors/Textures/Texture_Atlas.uasset" 36
"E:/ARCHIVOS/Proyectos 7/GameFeel/Content/Isometric-Interiors/Materials/M_Texture_Atlas.uasset" 37
"E:/ARCHIVOS/Proyectos 7/GameFeel/Content/Isometric-Interiors/Meshes/SM_Door_2A.uasset" 38
"E:/ARCHIVOS/Proyectos 7/GameFeel/Content/BP/Doors/DoorBP-2.uasset" 39
"E:/ARCHIVOS/Proyectos 7/GameFeel/Content/BP/DoorBP-2.uasset" 40
"E:/ARCHIVOS/Proyectos 7/GameFeel/Content/Isometric-Interiors/Meshes/SM_Door_2B.uasset" 41
"E:/ARCHIVOS/Proyectos 7/GameFeel/Content/BP/Doors/DoorBP-3.uasset" 42
"E:/ARCHIVOS/Proyectos 7/GameFeel/Content/BP/DoorBP-3.uasset" 43
"E:/ARCHIVOS/Proyectos 7/GameFeel/Content/Isometric-Interiors/Materials/M_Red_Door.uasset" 44
"E:/ARCHIVOS/Proyectos 7/GameFeel/Content/Isometric-Interiors/Meshes/SM_Door_1A.uasset" 45
"E:/ARCHIVOS/Proyectos 7/GameFeel/Content/BP/Doors/DoorBP-4.uasset" 46
"E:/ARCHIVOS/Proyectos 7/GameFeel/Content/BP/DoorBP-4.uasset" 47
"E:/ARCHIVOS/Proyectos 7/GameFeel/Content/Isometric-Interiors/Materials/M_Blue_Door.uasset" 48
"E:/ARCHIVOS/Proyectos 7/GameFeel/Content/BP/Doors/DoorBP-5.uasset" 49
"E:/ARCHIVOS/Proyectos 7/GameFeel/Content/BP/DoorBP-5.uasset" 50
"E:/ARCHIVOS/Proyectos 7/GameFeel/Content/Isometric-Interiors/Meshes/SM_Door_1B.uasset" 51
"E:/ARCHIVOS/Proyectos 7/GameFeel/Content/BP/Doors/DoorBP.uasset" 52
"E:/ARCHIVOS/Proyectos 7/GameFeel/Content/BP/DoorBP.uasset" 53
"E:/ARCHIVOS/Proyectos 7/GameFeel/Content/BP/PickUps/ParentPickUp.uasset" 54
"E:/ARCHIVOS/Proyectos 7/GameFeel/Content/Isometric-Interiors/Meshes/SM_Computer_3A.uasset" 55
"E:/ARCHIVOS/Proyectos 7/GameFeel/Content/BP/PickUps/PC_PickUp.uasset" 56
"E:/ARCHIVOS/Proyectos 7/GameFeel/Content/BP/PC_PickUp.uasset" 57
"E:/ARCHIVOS/Proyectos 7/GameFeel/Content/Isometric-Interiors/Materials/M_Green_Door.uasset" 58
"E:/ARCHIVOS/Proyectos 7/GameFeel/Content/BP/Doors/DoorBP-6.uasset" 59
"E:/ARCHIVOS/Proyectos 7/GameFeel/Content/Mannequin/Character/Materials/Enemy_Mat.uasset" 60
"E:/ARCHIVOS/Proyectos 7/GameFeel/Content/BP/Enemy/EnemyCharacter.uasset" 61
"E:/ARCHIVOS/Proyectos 7/GameFeel/Content/Mannequin/Animations/ThirdPersonJump_End.uasset" 62
"../../../Engine/Content/Animation/DefaultAnimCurveCompressionSettings.uasset" 63
"../../../Engine/Content/Functions/Engine_MaterialFunctions01/Opacity/CameraDepthFade.uasset" 64
"../../../Engine/Content/EngineMaterials/T_Default_Material_Grid_M.uasset" 65
"../../../Engine/Content/EngineMaterials/T_Default_Material_Grid_N.uasset" 66
"../../../Engine/Content/EngineMaterials/WorldGridMaterial.uasset" 67
"../../../Engine/Content/ArtTools/RenderToTexture/Meshes/S_1_Unit_Plane.uasset" 68
"../../../Engine/Content/EngineMaterials/DefaultMaterial.uasset" 69
"../../../Engine/Content/BasicShapes/Cone.uasset" 70
"../../../Engine/Content/BasicShapes/Cylinder.uasset" 71
"../../../Engine/Content/BasicShapes/Plane.uasset" 72
"../../../Engine/Content/BasicShapes/Sphere.uasset" 73
"../../../Engine/Content/EditorLandscapeResources/DataLayer.uasset" 74
"../../../Engine/Content/EditorMaterials/GizmoMaterial.uasset" 75
"../../../Engine/Content/EditorMaterials/MAT_Groups_Toggle.uasset" 76
"../../../Engine/Content/EditorMaterials/MAT_Groups_Visibility.uasset" 77
"../../../Engine/Content/EditorMaterials/PreviewShadowIndicator.uasset" 78
"../../../Engine/Content/EditorMaterials/PreviewShadowIndicatorMaterial.uasset" 79
"../../../Engine/Content/EditorMaterials/MatineeGroups/MAT_ColorTrack.uasset" 80
"../../../Engine/Content/EditorMaterials/MatineeGroups/MAT_Groups_Anim.uasset" 81
"../../../Engine/Content/EditorMaterials/MatineeGroups/MAT_Groups_AudioMaster.uasset" 82
"../../../Engine/Content/EditorMaterials/MatineeGroups/MAT_Groups_Director.uasset" 83
"../../../Engine/Content/EditorMaterials/MatineeGroups/MAT_Groups_Event.uasset" 84
"../../../Engine/Content/EditorMaterials/MatineeGroups/MAT_Groups_Fade.uasset" 85
"../../../Engine/Content/EditorMaterials/MatineeGroups/MAT_Groups_Float.uasset" 86
"../../../Engine/Content/EditorMaterials/MatineeGroups/MAT_Groups_Move.uasset" 87
"../../../Engine/Content/EditorMaterials/MatineeGroups/MAT_Groups_Slomo.uasset" 88
"../../../Engine/Content/EditorMaterials/MatineeGroups/MAT_Groups_Sound.uasset" 89
"../../../Engine/Content/EditorMaterials/MatineeGroups/MAT_Groups_Vector.uasset" 90
"../../../Engine/Content/EditorMaterials/ParticleSystems/PSysThumbnail_NoImage.uasset" 91
"../../../Engine/Content/EditorMaterials/ParticleSystems/PSysThumbnail_OOD.uasset" 92
"../../../Engine/Content/EditorMaterials/Camera/CineMat.uasset" 93
"../../../Engine/Content/EditorMaterials/Camera/MI_CineMat_Rig.uasset" 94
"../../../Engine/Content/EditorMeshes/Camera/SM_CraneRig_Arm.uasset" 95
"../../../Engine/Content/EditorMeshes/Camera/SM_CraneRig_Base.uasset" 96
"../../../Engine/Content/EditorMeshes/Camera/SM_CraneRig_Body.uasset" 97
"../../../Engine/Content/EditorMeshes/Camera/SM_CraneRig_Mount.uasset" 98
"../../../Engine/Content/EditorMeshes/Camera/SM_RailRig_Mount.uasset" 99
"../../../Engine/Content/EditorMeshes/Camera/SM_RailRig_Track.uasset" 100
"../../../Engine/Content/EditorResources/BSPVertex.uasset" 101
"../../../Engine/Content/EditorResources/EmptyActor.uasset" 102
"../../../Engine/Content/EditorResources/S_Actor.uasset" 103
"../../../Engine/Content/EditorResources/S_Note.uasset" 104
"../../../Engine/Content/EditorResources/S_Solver.uasset" 105
"../../../Engine/Content/EditorResources/S_Trigger.uasset" 106
"../../../Engine/Content/EditorResources/LightIcons/S_LightError.uasset" 107
"../../../Engine/Content/EditorResources/SequenceRecorder/Countdown.uasset" 108
"../../../Engine/Content/EditorResources/SequenceRecorder/RecordingIndicator.uasset" 109
"../../../Engine/Content/EditorSounds/Notifications/CompileFailed.uasset" 110
"../../../Engine/Content/EditorSounds/Notifications/CompileFailed_Cue.uasset" 111
"../../../Engine/Content/EditorSounds/Notifications/CompileSuccess.uasset" 112
"../../../Engine/Content/EditorSounds/Notifications/CompileStart_Cue.uasset" 113
"../../../Engine/Content/EditorSounds/Notifications/CompileSuccess_Cue.uasset" 114
"../../../Engine/Content/EngineDamageTypes/DmgTypeBP_Environmental.uasset" 115
"../../../Engine/Content/EngineDebugMaterials/HeatmapGradient.uasset" 116
"../../../Engine/Content/EngineDebugMaterials/BoneWeightMaterial.uasset" 117
"../../../Engine/Content/EngineDebugMaterials/ClothMaterial.uasset" 118
"../../../Engine/Content/EngineDebugMaterials/ClothMaterial_WF.uasset" 119
"../../../Engine/Content/EngineDebugMaterials/DebugEditorMaterial.uasset" 120
"../../../Engine/Content/EngineDebugMaterials/DebugMeshMaterial.uasset" 121
"../../../Engine/Content/EngineDebugMaterials/GeomMaterial.uasset" 122
"../../../Engine/Content/EngineDebugMaterials/M_SimpleTranslucent.uasset" 123
"../../../Engine/Content/Functions/Engine_MaterialFunctions02/Utility/CameraDirectionVector.uasset" 124
"../../../Engine/Content/EngineDebugMaterials/VolumeToRender.uasset" 125
"../../../Engine/Content/EngineDebugMaterials/M_VolumeRenderSphereTracePP.uasset" 126
"../../../Engine/Content/EngineDebugMaterials/WireframeMaterial.uasset" 127
"../../../Engine/Content/EngineFonts/Faces/RobotoBold.uasset" 128
"../../../Engine/Content/EngineFonts/Faces/RobotoBoldItalic.uasset" 129
"../../../Engine/Content/EngineFonts/Faces/RobotoItalic.uasset" 130
"../../../Engine/Content/EngineFonts/Faces/RobotoLight.uasset" 131
"../../../Engine/Content/EngineFonts/Faces/RobotoRegular.uasset" 132
"../../../Engine/Content/EngineFonts/Roboto.uasset" 133
"../../../Engine/Content/EngineFonts/Faces/RobotoTiny.uasset" 134
"../../../Engine/Content/EngineFonts/RobotoTiny.uasset" 135
"../../../Engine/Content/EngineMaterials/BaseFlattenDiffuseMap.uasset" 136
"../../../Engine/Content/EngineMaterials/BaseFlattenEmissiveMap.uasset" 137
"../../../Engine/Content/EngineMaterials/BaseFlattenGrayscaleMap.uasset" 138
"../../../Engine/Content/EngineMaterials/BaseFlattenNormalMap.uasset" 139
"../../../Engine/Content/EngineMaterials/BaseFlattenMaterial.uasset" 140
"../../../Engine/Content/EngineMaterials/BlueNoise.uasset" 141
"../../../Engine/Content/EngineMaterials/DefaultBloomKernel.uasset" 142
"../../../Engine/Content/EngineMaterials/DefaultBokeh.uasset" 143
"../../../Engine/Content/EngineMaterials/DefaultDiffuse.uasset" 144
"../../../Engine/Content/EngineMaterials/DefaultDeferredDecalMaterial.uasset" 145
"../../../Engine/Content/EngineMaterials/DefaultLightFunctionMaterial.uasset" 146
"../../../Engine/Content/EngineMaterials/DefaultPhysicalMaterial.uasset" 147
"../../../Engine/Content/Functions/Engine_MaterialFunctions02/Utility/BreakOutFloat2Components.uasset" 148
"../../../Engine/Content/EngineMaterials/DefaultPostProcessMaterial.uasset" 149
"../../../Engine/Content/EngineFonts/RobotoDistanceField.uasset" 150
"../../../Engine/Content/EngineMaterials/DefaultTextMaterialOpaque.uasset" 151
"../../../Engine/Content/EngineMaterials/DefaultVirtualTextureMaterial.uasset" 152
"../../../Engine/Content/EngineMaterials/DefaultWhiteGrid.uasset" 153
"../../../Engine/Content/EngineMaterials/EditorBrushMaterial.uasset" 154
"../../../Engine/Content/EngineMaterials/DefaultWhiteGrid_Low.uasset" 155
"../../../Engine/Content/EngineMaterials/EmissiveMeshMaterial.uasset" 156
"../../../Engine/Content/EngineMaterials/Good64x64TilingNoiseHighFreq.uasset" 157
"../../../Engine/Content/EngineMaterials/MiniFont.uasset" 158
"../../../Engine/Content/EngineMaterials/InvalidLightmapSettings.uasset" 159
"../../../Engine/Content/EngineMaterials/M_InvalidLightmapSettings.uasset" 160
"../../../Engine/Content/Functions/Engine_MaterialFunctions02/WorldPositionOffset/CameraOffset.uasset" 161
"../../../Engine/Content/EngineMaterials/PhAT_JointLimitMaterial.uasset" 162
"../../../Engine/Content/EngineMaterials/PreintegratedSkinBRDF.uasset" 163
"../../../Engine/Content/EngineMaterials/RemoveSurfaceMaterial.uasset" 164
"../../../Engine/Content/EngineMaterials/WeightMapPlaceholderTexture.uasset" 165
"../../../Engine/Content/EngineResources/WhiteSquareTexture.uasset" 166
"../../../Engine/Content/EngineMaterials/Widget3DPassThrough.uasset" 167
"../../../Engine/Content/EngineMaterials/Widget3DPassThrough_Masked.uasset" 168
"../../../Engine/Content/EngineMaterials/Widget3DPassThrough_Opaque.uasset" 169
"../../../Engine/Content/EngineMaterials/Widget3DPassThrough_Masked_OneSided.uasset" 170
"../../../Engine/Content/EngineMaterials/Widget3DPassThrough_Opaque_OneSided.uasset" 171
"../../../Engine/Content/EngineMaterials/Widget3DPassThrough_Translucent.uasset" 172
"../../../Engine/Content/EngineMaterials/Widget3DPassThrough_Translucent_OneSided.uasset" 173
"../../../Engine/Content/EngineMeshes/Cylinder.uasset" 174
"../../../Engine/Content/EngineMeshes/Sphere.uasset" 175
"../../../Engine/Content/EngineResources/Black.uasset" 176
"../../../Engine/Content/EngineResources/DefaultTexture.uasset" 177
"../../../Engine/Content/EngineResources/DefaultTextureCube.uasset" 178
"../../../Engine/Content/EngineResources/DefaultVolumeTexture2D.uasset" 179
"../../../Engine/Content/EngineResources/DefaultVolumeTexture.uasset" 180
"../../../Engine/Content/EngineResources/GradientTexture0.uasset" 181
"../../../Engine/Content/EngineSounds/Master.uasset" 182
"../../../Engine/Content/Functions/Engine_MaterialFunctions01/Shading/ConvertFromDiffSpec.uasset" 183
"../../../Engine/Content/Functions/Engine_MaterialFunctions01/Shading/PowerToRoughness.uasset" 184
"../../../Engine/Content/Maps/Templates/Thumbnails/Default.uasset" 185
"../../../Engine/Content/Maps/Templates/Thumbnails/VR-Basic.uasset" 186
"../../../Engine/Content/MobileResources/T_MobileControls_texture.uasset" 187
"../../../Engine/Content/MobileResources/T_MobileMenu2.uasset" 188
"../../../Engine/Content/MobileResources/HUD/AnalogHat.uasset" 189
"../../../Engine/Content/MobileResources/HUD/VirtualJoystick_Background.uasset" 190
"../../../Engine/Content/MobileResources/HUD/VirtualJoystick_Thumb.uasset" 191
"../../../Engine/Content/MobileResources/HUD/DefaultVirtualJoysticks.uasset" 192
"../../../Engine/Content/MobileResources/HUD/LeftVirtualJoystickOnly.uasset" 193
"../../../Engine/Content/MobileResources/HUD/MobileHUDButton1_off.uasset" 194
"../../../Engine/Content/MobileResources/HUD/MobileHUDButton1_on.uasset" 195
"../../../Engine/Content/MobileResources/HUD/MobileHUDButton2_off.uasset" 196
"../../../Engine/Content/MobileResources/HUD/MobileHUDButton2_on.uasset" 197
"../../../Engine/Content/MobileResources/HUD/MobileHUDButton3.uasset" 198
"../../../Engine/Content/MobileResources/HUD/MobileHUDButtonFire.uasset" 199
"../../../Engine/Content/MobileResources/HUD/MobileHUDDirectionPad.uasset" 200
"../../../Engine/Content/MobileResources/HUD/MobileHUDDirectionPad2.uasset" 201
"../../../Engine/Content/MobileResources/HUD/MobileHUDDirectionPad3.uasset" 202
"../../../Engine/Content/MobileResources/HUD/MobileHUDDirectionStick.uasset" 203
"../../../Engine/Content/MobileResources/HUD/T_Castle_ThumbstickInner.uasset" 204
"../../../Engine/Content/MobileResources/HUD/T_Castle_ThumbstickOutter.uasset" 205
"../../../Engine/Content/Tutorial/ContentIntroCurve.uasset" 206
"../../../Engine/Content/Tutorial/Basics/LevelEditorAttract.uasset" 207
"../../../Engine/Content/Tutorial/Installation/InstallingVisualStudioTutorial.uasset" 208
"../../../Engine/Content/VREditor/LaserPointer/VR_LaserPower_01.uasset" 209
"../../../Engine/Content/VREditor/TransformGizmo/TransformGizmoMaterial.uasset" 210
"../../../Engine/Content/VREditor/TransformGizmo/TranslucentTransformGizmoMaterial.uasset" 211
"../../../Engine/Content/VREditor/TransformGizmo/BoundingBoxCorner.uasset" 212
"../../../Engine/Content/VREditor/TransformGizmo/BoundingBoxEdge.uasset" 213
"../../../Engine/Content/VREditor/TransformGizmo/PlaneTranslationHandle.uasset" 214
"../../../Engine/Content/VREditor/TransformGizmo/Main.uasset" 215
"../../../Engine/Content/VREditor/TransformGizmo/Xray.uasset" 216
"../../../Engine/Content/VREditor/TransformGizmo/SM_Sequencer_Key.uasset" 217
"../../../Engine/Content/VREditor/TransformGizmo/SM_Sequencer_Node.uasset" 218
"../../Plugins/2D/Paper2D/Content/PlaceholderTextures/DummySpriteTexture.uasset" 219
"../../Plugins/2D/Paper2D/Content/DummySprite.uasset" 220
"../../Plugins/2D/Paper2D/Content/DefaultPaperTerrainMaterial.uasset" 221
"../../Plugins/2D/Paper2D/Content/DummySpriteTexture.uasset" 222
"../../Plugins/2D/Paper2D/Content/DefaultSpriteMaterial.uasset" 223
"../../Plugins/2D/Paper2D/Content/MaskedUnlitSpriteMaterial.uasset" 224
"../../Plugins/2D/Paper2D/Content/OpaqueUnlitSpriteMaterial.uasset" 225
"../../Plugins/Runtime/Oculus/OculusVR/Content/OculusMR_RenderTarget.uasset" 226
"../../../Engine/Content/Functions/Engine_MaterialFunctions02/Utility/BreakOutFloat4Components.uasset" 227
"../../../Engine/Content/Functions/Engine_MaterialFunctions02/Utility/MakeFloat2.uasset" 228
"../../../Engine/Content/Functions/Engine_MaterialFunctions02/Utility/MakeFloat3.uasset" 229
"../../Plugins/Runtime/Oculus/OculusVR/Content/Materials/OculusMR_ChromaKey.uasset" 230
"../../Plugins/Runtime/Oculus/OculusVR/Content/Materials/OculusMR_ChromaKey_Lit.uasset" 231
"../../Plugins/Runtime/Oculus/OculusVR/Content/Materials/OculusMR_OpaqueColoredMaterial.uasset" 232
"../../Plugins/Runtime/Oculus/OculusVR/Content/Materials/OculusMR_WhiteMaterial.uasset" 233
"../../../Engine/Content/EngineSky/C_Sky_Cloud_Color.uasset" 234
"../../../Engine/Content/EngineSky/C_Sky_Horizon_Color.uasset" 235
"../../../Engine/Content/EngineSky/C_Sky_Zenith_Color.uasset" 236
"../../../Engine/Content/EngineSky/T_Sky_Blue.uasset" 237
"../../../Engine/Content/EngineSky/T_Sky_Clouds_M.uasset" 238
"../../../Engine/Content/EngineSky/T_Sky_Stars.uasset" 239
"../../../Engine/Content/EngineSky/M_Sky_Panning_Clouds2.uasset" 240
"../../../Engine/Content/EngineSky/SM_SkySphere.uasset" 241
"../../../Engine/Content/EngineSky/BP_Sky_Sphere.uasset" 242
"E:/ARCHIVOS/Proyectos 7/GameFeel/Content/Isometric-Interiors/Meshes/SM_Towel_1.uasset" 243
"E:/ARCHIVOS/Proyectos 7/GameFeel/Content/Isometric-Interiors/Meshes/SM_Towel_Rack.uasset" 244
"E:/ARCHIVOS/Proyectos 7/GameFeel/Content/Isometric-Interiors/Blueprints/Assets/BP_Towel_1.uasset" 245
"E:/ARCHIVOS/Proyectos 7/GameFeel/Content/Isometric-Interiors/Maps/Map_1_BuiltData.uasset" 246
"E:/ARCHIVOS/Proyectos 7/GameFeel/Content/Isometric-Interiors/Meshes/SM_Bath_Tub.uasset" 247
"E:/ARCHIVOS/Proyectos 7/GameFeel/Content/Isometric-Interiors/Meshes/SM_Bed_1B.uasset" 248
"E:/ARCHIVOS/Proyectos 7/GameFeel/Content/Isometric-Interiors/Meshes/SM_Bed_2B.uasset" 249
"E:/ARCHIVOS/Proyectos 7/GameFeel/Content/Isometric-Interiors/Meshes/SM_Books_1.uasset" 250
"E:/ARCHIVOS/Proyectos 7/GameFeel/Content/Isometric-Interiors/Meshes/SM_Books_2.uasset" 251
"E:/ARCHIVOS/Proyectos 7/GameFeel/Content/Isometric-Interiors/Meshes/SM_Books_3.uasset" 252
"E:/ARCHIVOS/Proyectos 7/GameFeel/Content/Isometric-Interiors/Meshes/SM_Books_4.uasset" 253
"E:/ARCHIVOS/Proyectos 7/GameFeel/Content/Isometric-Interiors/Meshes/SM_Books_5.uasset" 254
"E:/ARCHIVOS/Proyectos 7/GameFeel/Content/Isometric-Interiors/Meshes/SM_Books_6.uasset" 255
"E:/ARCHIVOS/Proyectos 7/GameFeel/Content/Isometric-Interiors/Meshes/SM_Bottle_1.uasset" 256
"E:/ARCHIVOS/Proyectos 7/GameFeel/Content/Isometric-Interiors/Meshes/SM_Bowl.uasset" 257
"E:/ARCHIVOS/Proyectos 7/GameFeel/Content/Isometric-Interiors/Meshes/SM_Carpet_1A.uasset" 258
"E:/ARCHIVOS/Proyectos 7/GameFeel/Content/Isometric-Interiors/Meshes/SM_Carpet_1C.uasset" 259
"E:/ARCHIVOS/Proyectos 7/GameFeel/Content/Isometric-Interiors/Meshes/SM_Carpet_2A.uasset" 260
"E:/ARCHIVOS/Proyectos 7/GameFeel/Content/Isometric-Interiors/Meshes/SM_Carpet_2B.uasset" 261
"E:/ARCHIVOS/Proyectos 7/GameFeel/Content/Isometric-Interiors/Meshes/SM_Carpet_3B.uasset" 262
"E:/ARCHIVOS/Proyectos 7/GameFeel/Content/Isometric-Interiors/Meshes/SM_Chair_1A.uasset" 263
"E:/ARCHIVOS/Proyectos 7/GameFeel/Content/Isometric-Interiors/Meshes/SM_Chair_1B.uasset" 264
"E:/ARCHIVOS/Proyectos 7/GameFeel/Content/Isometric-Interiors/Meshes/SM_Chair_2.uasset" 265
"E:/ARCHIVOS/Proyectos 7/GameFeel/Content/Isometric-Interiors/Meshes/SM_Clock.uasset" 266
"E:/ARCHIVOS/Proyectos 7/GameFeel/Content/Isometric-Interiors/Meshes/SM_Computer_1.uasset" 267
"E:/ARCHIVOS/Proyectos 7/GameFeel/Content/Isometric-Interiors/Meshes/SM_Computer_4A.uasset" 268
"E:/ARCHIVOS/Proyectos 7/GameFeel/Content/Isometric-Interiors/Meshes/SM_Computer_5A.uasset" 269
"E:/ARCHIVOS/Proyectos 7/GameFeel/Content/Isometric-Interiors/Meshes/SM_Couch_1B.uasset" 270
"E:/ARCHIVOS/Proyectos 7/GameFeel/Content/Isometric-Interiors/Meshes/SM_Cup_1.uasset" 271
"E:/ARCHIVOS/Proyectos 7/GameFeel/Content/Isometric-Interiors/Meshes/SM_Cup_2.uasset" 272
"E:/ARCHIVOS/Proyectos 7/GameFeel/Content/Isometric-Interiors/Meshes/SM_Cup_4.uasset" 273
"E:/ARCHIVOS/Proyectos 7/GameFeel/Content/Isometric-Interiors/Meshes/SM_Cupboard_2_3.uasset" 274
"E:/ARCHIVOS/Proyectos 7/GameFeel/Content/Isometric-Interiors/Meshes/SM_Desk_2.uasset" 275
"E:/ARCHIVOS/Proyectos 7/GameFeel/Content/Isometric-Interiors/Meshes/SM_Drawer_2B.uasset" 276
"E:/ARCHIVOS/Proyectos 7/GameFeel/Content/Isometric-Interiors/Meshes/SM_Drawer_3A.uasset" 277
"E:/ARCHIVOS/Proyectos 7/GameFeel/Content/Isometric-Interiors/Meshes/SM_Electric_Box.uasset" 278
"E:/ARCHIVOS/Proyectos 7/GameFeel/Content/Isometric-Interiors/Meshes/SM_Fan.uasset" 279
"E:/ARCHIVOS/Proyectos 7/GameFeel/Content/Isometric-Interiors/Meshes/SM_Floor_1B.uasset" 280
"E:/ARCHIVOS/Proyectos 7/GameFeel/Content/Isometric-Interiors/Meshes/SM_Floor_3A.uasset" 281
"E:/ARCHIVOS/Proyectos 7/GameFeel/Content/Isometric-Interiors/Meshes/SM_Floor_3B.uasset" 282
"E:/ARCHIVOS/Proyectos 7/GameFeel/Content/Isometric-Interiors/Meshes/SM_Fridge.uasset" 283
"E:/ARCHIVOS/Proyectos 7/GameFeel/Content/Isometric-Interiors/Meshes/SM_Heater.uasset" 284
"E:/ARCHIVOS/Proyectos 7/GameFeel/Content/Isometric-Interiors/Meshes/SM_Kitchen_Cabinet_1B.uasset" 285
"E:/ARCHIVOS/Proyectos 7/GameFeel/Content/Isometric-Interiors/Meshes/SM_Kitchen_Cabinet_4B.uasset" 286
"E:/ARCHIVOS/Proyectos 7/GameFeel/Content/Isometric-Interiors/Meshes/SM_Kitchen_Cabinet_5B.uasset" 287
"E:/ARCHIVOS/Proyectos 7/GameFeel/Content/Isometric-Interiors/Meshes/SM_Kitchen_Cabinet_6B.uasset" 288
"E:/ARCHIVOS/Proyectos 7/GameFeel/Content/Isometric-Interiors/Meshes/SM_Kitchen_Cooking.uasset" 289
"E:/ARCHIVOS/Proyectos 7/GameFeel/Content/Isometric-Interiors/Meshes/SM_Lamp_1A.uasset" 290
"E:/ARCHIVOS/Proyectos 7/GameFeel/Content/Isometric-Interiors/Meshes/SM_Lamp_night_1A.uasset" 291
"E:/ARCHIVOS/Proyectos 7/GameFeel/Content/Isometric-Interiors/Meshes/SM_Microwave_Oven.uasset" 292
"E:/ARCHIVOS/Proyectos 7/GameFeel/Content/Isometric-Interiors/Mirror_Cubemap/Mirror_1_Tex.uasset" 293
"E:/ARCHIVOS/Proyectos 7/GameFeel/Content/Isometric-Interiors/Materials/M_Mirror_Glass.uasset" 294
"E:/ARCHIVOS/Proyectos 7/GameFeel/Content/Isometric-Interiors/Meshes/SM_Mirror.uasset" 295
"E:/ARCHIVOS/Proyectos 7/GameFeel/Content/Isometric-Interiors/Meshes/SM_Paint_13.uasset" 296
"E:/ARCHIVOS/Proyectos 7/GameFeel/Content/Isometric-Interiors/Meshes/SM_Phone.uasset" 297
"E:/ARCHIVOS/Proyectos 7/GameFeel/Content/Isometric-Interiors/Meshes/SM_Pillow_1B.uasset" 298
"E:/ARCHIVOS/Proyectos 7/GameFeel/Content/Isometric-Interiors/Meshes/SM_Plate.uasset" 299
"E:/ARCHIVOS/Proyectos 7/GameFeel/Content/Isometric-Interiors/Meshes/SM_Pot_Flower_1.uasset" 300
"E:/ARCHIVOS/Proyectos 7/GameFeel/Content/Isometric-Interiors/Meshes/SM_Pot_Flower_2.uasset" 301
"E:/ARCHIVOS/Proyectos 7/GameFeel/Content/Isometric-Interiors/Meshes/SM_Shelves_1A.uasset" 302
"E:/ARCHIVOS/Proyectos 7/GameFeel/Content/Isometric-Interiors/Meshes/SM_Stool_2.uasset" 303
"E:/ARCHIVOS/Proyectos 7/GameFeel/Content/Isometric-Interiors/Meshes/SM_Table_1B.uasset" 304
"E:/ARCHIVOS/Proyectos 7/GameFeel/Content/Isometric-Interiors/Meshes/SM_Table_3.uasset" 305
"E:/ARCHIVOS/Proyectos 7/GameFeel/Content/Isometric-Interiors/Meshes/SM_Table_5B.uasset" 306
"E:/ARCHIVOS/Proyectos 7/GameFeel/Content/Isometric-Interiors/Meshes/SM_TV_1A.uasset" 307
"E:/ARCHIVOS/Proyectos 7/GameFeel/Content/Isometric-Interiors/Meshes/SM_TV_1B.uasset" 308
"E:/ARCHIVOS/Proyectos 7/GameFeel/Content/Isometric-Interiors/Meshes/SM_Wall_1_1.uasset" 309
"E:/ARCHIVOS/Proyectos 7/GameFeel/Content/Isometric-Interiors/Meshes/SM_Wall_1_14.uasset" 310
"E:/ARCHIVOS/Proyectos 7/GameFeel/Content/Isometric-Interiors/Meshes/SM_Wall_1_15.uasset" 311
"E:/ARCHIVOS/Proyectos 7/GameFeel/Content/Isometric-Interiors/Meshes/SM_Wall_1_16.uasset" 312
"E:/ARCHIVOS/Proyectos 7/GameFeel/Content/Isometric-Interiors/Meshes/SM_Wall_1_6.uasset" 313
"E:/ARCHIVOS/Proyectos 7/GameFeel/Content/Isometric-Interiors/Meshes/SM_Wash_Basin.uasset" 314
"E:/ARCHIVOS/Proyectos 7/GameFeel/Content/Isometric-Interiors/Materials/M_Window_Glass.uasset" 315
"E:/ARCHIVOS/Proyectos 7/GameFeel/Content/Isometric-Interiors/Meshes/SM_Window_3A.uasset" 316
"E:/ARCHIVOS/Proyectos 7/GameFeel/Content/Isometric-Interiors/Meshes/SM_Window_6.uasset" 317
"E:/ARCHIVOS/Proyectos 7/GameFeel/Content/Isometric-Interiors/Maps/Map_1.umap" 318
"E:/ARCHIVOS/Proyectos 7/GameFeel/Content/Isometric-Interiors/Maps/Map_2_BuiltData.uasset" 319
"E:/ARCHIVOS/Proyectos 7/GameFeel/Content/Isometric-Interiors/Mirror_Cubemap/Mirror_2_Tex.uasset" 320
"E:/ARCHIVOS/Proyectos 7/GameFeel/Content/Isometric-Interiors/Materials/M_Mirror_Glass_2.uasset" 321
"E:/ARCHIVOS/Proyectos 7/GameFeel/Content/Isometric-Interiors/Meshes/SM_Bed_2A.uasset" 322
"E:/ARCHIVOS/Proyectos 7/GameFeel/Content/Isometric-Interiors/Meshes/SM_Bench.uasset" 323
"E:/ARCHIVOS/Proyectos 7/GameFeel/Content/Isometric-Interiors/Meshes/SM_Bottle_2.uasset" 324
"E:/ARCHIVOS/Proyectos 7/GameFeel/Content/Isometric-Interiors/Meshes/SM_Carpet_1B.uasset" 325
"E:/ARCHIVOS/Proyectos 7/GameFeel/Content/Isometric-Interiors/Meshes/SM_Carpet_3A.uasset" 326
"E:/ARCHIVOS/Proyectos 7/GameFeel/Content/Isometric-Interiors/Meshes/SM_Carpet_3C.uasset" 327
"E:/ARCHIVOS/Proyectos 7/GameFeel/Content/Isometric-Interiors/Meshes/SM_Chair_3.uasset" 328
"E:/ARCHIVOS/Proyectos 7/GameFeel/Content/Isometric-Interiors/Meshes/SM_Computer_2.uasset" 329
"E:/ARCHIVOS/Proyectos 7/GameFeel/Content/Isometric-Interiors/Meshes/SM_Computer_3B.uasset" 330
"E:/ARCHIVOS/Proyectos 7/GameFeel/Content/Isometric-Interiors/Meshes/SM_Computer_4B.uasset" 331
"E:/ARCHIVOS/Proyectos 7/GameFeel/Content/Isometric-Interiors/Meshes/SM_Computer_5B.uasset" 332
"E:/ARCHIVOS/Proyectos 7/GameFeel/Content/Isometric-Interiors/Meshes/SM_Cooker.uasset" 333
"E:/ARCHIVOS/Proyectos 7/GameFeel/Content/Isometric-Interiors/Meshes/SM_Couch_4A.uasset" 334
"E:/ARCHIVOS/Proyectos 7/GameFeel/Content/Isometric-Interiors/Meshes/SM_Couch_4B.uasset" 335
"E:/ARCHIVOS/Proyectos 7/GameFeel/Content/Isometric-Interiors/Meshes/SM_Cup_3.uasset" 336
"E:/ARCHIVOS/Proyectos 7/GameFeel/Content/Isometric-Interiors/Meshes/SM_Cupboard_1_1.uasset" 337
"E:/ARCHIVOS/Proyectos 7/GameFeel/Content/Isometric-Interiors/Meshes/SM_Cupboard_1_3.uasset" 338
"E:/ARCHIVOS/Proyectos 7/GameFeel/Content/Isometric-Interiors/Meshes/SM_Cupboard_1_4.uasset" 339
"E:/ARCHIVOS/Proyectos 7/GameFeel/Content/Isometric-Interiors/Meshes/SM_Curtain_3.uasset" 340
"E:/ARCHIVOS/Proyectos 7/GameFeel/Content/Isometric-Interiors/Meshes/SM_Floor_1A.uasset" 341
"E:/ARCHIVOS/Proyectos 7/GameFeel/Content/Isometric-Interiors/Meshes/SM_Floor_2A.uasset" 342
"E:/ARCHIVOS/Proyectos 7/GameFeel/Content/Isometric-Interiors/Meshes/SM_Floor_4A.uasset" 343
"E:/ARCHIVOS/Proyectos 7/GameFeel/Content/Isometric-Interiors/Meshes/SM_Floor_5B.uasset" 344
"E:/ARCHIVOS/Proyectos 7/GameFeel/Content/Isometric-Interiors/Meshes/SM_Kitchen_Cabinet_1A.uasset" 345
"E:/ARCHIVOS/Proyectos 7/GameFeel/Content/Isometric-Interiors/Meshes/SM_Kitchen_Cabinet_2A.uasset" 346
"E:/ARCHIVOS/Proyectos 7/GameFeel/Content/Isometric-Interiors/Meshes/SM_Kitchen_Cabinet_3A.uasset" 347
"E:/ARCHIVOS/Proyectos 7/GameFeel/Content/Isometric-Interiors/Meshes/SM_Kitchen_Cabinet_4A.uasset" 348
"E:/ARCHIVOS/Proyectos 7/GameFeel/Content/Isometric-Interiors/Meshes/SM_Kitchen_Cabinet_5A.uasset" 349
"E:/ARCHIVOS/Proyectos 7/GameFeel/Content/Isometric-Interiors/Meshes/SM_Kitchen_Cabinet_6A.uasset" 350
"E:/ARCHIVOS/Proyectos 7/GameFeel/Content/Isometric-Interiors/Meshes/SM_Lamp_night_1B.uasset" 351
"E:/ARCHIVOS/Proyectos 7/GameFeel/Content/Isometric-Interiors/Meshes/SM_Paint_1.uasset" 352
"E:/ARCHIVOS/Proyectos 7/GameFeel/Content/Isometric-Interiors/Meshes/SM_Paint_11.uasset" 353
"E:/ARCHIVOS/Proyectos 7/GameFeel/Content/Isometric-Interiors/Meshes/SM_Paint_12.uasset" 354
"E:/ARCHIVOS/Proyectos 7/GameFeel/Content/Isometric-Interiors/Meshes/SM_Paint_2.uasset" 355
"E:/ARCHIVOS/Proyectos 7/GameFeel/Content/Isometric-Interiors/Meshes/SM_Paint_3.uasset" 356
"E:/ARCHIVOS/Proyectos 7/GameFeel/Content/Isometric-Interiors/Meshes/SM_Paint_9.uasset" 357
"E:/ARCHIVOS/Proyectos 7/GameFeel/Content/Isometric-Interiors/Meshes/SM_Pillow_2B.uasset" 358
"E:/ARCHIVOS/Proyectos 7/GameFeel/Content/Isometric-Interiors/Meshes/SM_Shelves_1B.uasset" 359
"E:/ARCHIVOS/Proyectos 7/GameFeel/Content/Isometric-Interiors/Meshes/SM_Speaker.uasset" 360
"E:/ARCHIVOS/Proyectos 7/GameFeel/Content/Isometric-Interiors/Meshes/SM_Table_5A.uasset" 361
"E:/ARCHIVOS/Proyectos 7/GameFeel/Content/Isometric-Interiors/Meshes/SM_Table_6B.uasset" 362
"E:/ARCHIVOS/Proyectos 7/GameFeel/Content/Isometric-Interiors/Meshes/SM_Wall_2_17.uasset" 363
"E:/ARCHIVOS/Proyectos 7/GameFeel/Content/Isometric-Interiors/Meshes/SM_Wall_2_2.uasset" 364
"E:/ARCHIVOS/Proyectos 7/GameFeel/Content/Isometric-Interiors/Meshes/SM_Wall_2_5.uasset" 365
"E:/ARCHIVOS/Proyectos 7/GameFeel/Content/Isometric-Interiors/Meshes/SM_Wall_2_6.uasset" 366
"E:/ARCHIVOS/Proyectos 7/GameFeel/Content/Isometric-Interiors/Meshes/SM_Wall_2_8.uasset" 367
"E:/ARCHIVOS/Proyectos 7/GameFeel/Content/Isometric-Interiors/Meshes/SM_Wall_2_9.uasset" 368
"E:/ARCHIVOS/Proyectos 7/GameFeel/Content/Isometric-Interiors/Meshes/SM_WardRobe_1A.uasset" 369
"E:/ARCHIVOS/Proyectos 7/GameFeel/Content/Isometric-Interiors/Meshes/SM_Window_1A.uasset" 370
"E:/ARCHIVOS/Proyectos 7/GameFeel/Content/Isometric-Interiors/Meshes/SM_Window_4A.uasset" 371
"E:/ARCHIVOS/Proyectos 7/GameFeel/Content/Isometric-Interiors/Maps/Map_2.umap" 372
"E:/ARCHIVOS/Proyectos 7/GameFeel/Content/Isometric-Interiors/Meshes/SM_Towel_2.uasset" 373
"E:/ARCHIVOS/Proyectos 7/GameFeel/Content/Isometric-Interiors/Blueprints/Assets/BP_Towel_2.uasset" 374
"E:/ARCHIVOS/Proyectos 7/GameFeel/Content/Isometric-Interiors/Maps/Map_3_BuiltData.uasset" 375
"E:/ARCHIVOS/Proyectos 7/GameFeel/Content/Isometric-Interiors/Mirror_Cubemap/Mirror_3_Tex.uasset" 376
"E:/ARCHIVOS/Proyectos 7/GameFeel/Content/Isometric-Interiors/Materials/M_Mirror_Glass_3.uasset" 377
"E:/ARCHIVOS/Proyectos 7/GameFeel/Content/Isometric-Interiors/Meshes/SM_Curtain_1.uasset" 378
"E:/ARCHIVOS/Proyectos 7/GameFeel/Content/Isometric-Interiors/Meshes/SM_Drawer_2A.uasset" 379
"E:/ARCHIVOS/Proyectos 7/GameFeel/Content/Isometric-Interiors/Meshes/SM_DustBin_1.uasset" 380
"E:/ARCHIVOS/Proyectos 7/GameFeel/Content/Isometric-Interiors/Meshes/SM_DustBin_2.uasset" 381
"E:/ARCHIVOS/Proyectos 7/GameFeel/Content/Isometric-Interiors/Meshes/SM_Floor_2B.uasset" 382
"E:/ARCHIVOS/Proyectos 7/GameFeel/Content/Isometric-Interiors/Meshes/SM_Paint_10.uasset" 383
"E:/ARCHIVOS/Proyectos 7/GameFeel/Content/Isometric-Interiors/Meshes/SM_Paint_14.uasset" 384
"E:/ARCHIVOS/Proyectos 7/GameFeel/Content/Isometric-Interiors/Meshes/SM_Paint_5.uasset" 385
"E:/ARCHIVOS/Proyectos 7/GameFeel/Content/Isometric-Interiors/Meshes/SM_Pillow_2A.uasset" 386
"E:/ARCHIVOS/Proyectos 7/GameFeel/Content/Isometric-Interiors/Meshes/SM_Pillow_3A.uasset" 387
"E:/ARCHIVOS/Proyectos 7/GameFeel/Content/Isometric-Interiors/Meshes/SM_Shelves_3A.uasset" 388
"E:/ARCHIVOS/Proyectos 7/GameFeel/Content/Isometric-Interiors/Meshes/SM_Stool_3A.uasset" 389
"E:/ARCHIVOS/Proyectos 7/GameFeel/Content/Isometric-Interiors/Meshes/SM_Stool_3B.uasset" 390
"E:/ARCHIVOS/Proyectos 7/GameFeel/Content/Isometric-Interiors/Meshes/SM_Table_1A.uasset" 391
"E:/ARCHIVOS/Proyectos 7/GameFeel/Content/Isometric-Interiors/Meshes/SM_Table_2.uasset" 392
"E:/ARCHIVOS/Proyectos 7/GameFeel/Content/Isometric-Interiors/Meshes/SM_Toilet_Seat.uasset" 393
"E:/ARCHIVOS/Proyectos 7/GameFeel/Content/Isometric-Interiors/Meshes/SM_TV_2.uasset" 394
"E:/ARCHIVOS/Proyectos 7/GameFeel/Content/Isometric-Interiors/Meshes/SM_Wall_3_1.uasset" 395
"E:/ARCHIVOS/Proyectos 7/GameFeel/Content/Isometric-Interiors/Meshes/SM_Wall_3_11.uasset" 396
"E:/ARCHIVOS/Proyectos 7/GameFeel/Content/Isometric-Interiors/Meshes/SM_Wall_3_13.uasset" 397
"E:/ARCHIVOS/Proyectos 7/GameFeel/Content/Isometric-Interiors/Meshes/SM_Wall_3_14.uasset" 398
"E:/ARCHIVOS/Proyectos 7/GameFeel/Content/Isometric-Interiors/Meshes/SM_Wall_3_3.uasset" 399
"E:/ARCHIVOS/Proyectos 7/GameFeel/Content/Isometric-Interiors/Meshes/SM_Wall_3_6.uasset" 400
"E:/ARCHIVOS/Proyectos 7/GameFeel/Content/Isometric-Interiors/Meshes/SM_Wall_3_7.uasset" 401
"E:/ARCHIVOS/Proyectos 7/GameFeel/Content/Isometric-Interiors/Meshes/SM_Window_4B.uasset" 402
"E:/ARCHIVOS/Proyectos 7/GameFeel/Content/Isometric-Interiors/Meshes/SM_Window_5B.uasset" 403
"E:/ARCHIVOS/Proyectos 7/GameFeel/Content/Isometric-Interiors/Maps/Map_3.umap" 404
"E:/ARCHIVOS/Proyectos 7/GameFeel/Content/Isometric-Interiors/Maps/Map_4_BuiltData.uasset" 405
"E:/ARCHIVOS/Proyectos 7/GameFeel/Content/Isometric-Interiors/Mirror_Cubemap/Mirror_4_Tex.uasset" 406
"E:/ARCHIVOS/Proyectos 7/GameFeel/Content/Isometric-Interiors/Materials/M_Mirror_Glass_4.uasset" 407
"E:/ARCHIVOS/Proyectos 7/GameFeel/Content/Isometric-Interiors/Meshes/SM_Bed_1A.uasset" 408
"E:/ARCHIVOS/Proyectos 7/GameFeel/Content/Isometric-Interiors/Meshes/SM_Couch_2B.uasset" 409
"E:/ARCHIVOS/Proyectos 7/GameFeel/Content/Isometric-Interiors/Meshes/SM_Couch_3B.uasset" 410
"E:/ARCHIVOS/Proyectos 7/GameFeel/Content/Isometric-Interiors/Meshes/SM_Curtain_2.uasset" 411
"E:/ARCHIVOS/Proyectos 7/GameFeel/Content/Isometric-Interiors/Meshes/SM_Drawer_3B.uasset" 412
"E:/ARCHIVOS/Proyectos 7/GameFeel/Content/Isometric-Interiors/Meshes/SM_Drawer_4.uasset" 413
"E:/ARCHIVOS/Proyectos 7/GameFeel/Content/Isometric-Interiors/Meshes/SM_Floor_5A.uasset" 414
"E:/ARCHIVOS/Proyectos 7/GameFeel/Content/Isometric-Interiors/Meshes/SM_Shelves_2A.uasset" 415
"E:/ARCHIVOS/Proyectos 7/GameFeel/Content/Isometric-Interiors/Meshes/SM_Wall_4_1.uasset" 416
"E:/ARCHIVOS/Proyectos 7/GameFeel/Content/Isometric-Interiors/Meshes/SM_Wall_4_10.uasset" 417
"E:/ARCHIVOS/Proyectos 7/GameFeel/Content/Isometric-Interiors/Meshes/SM_Wall_4_12.uasset" 418
"E:/ARCHIVOS/Proyectos 7/GameFeel/Content/Isometric-Interiors/Meshes/SM_Wall_4_13.uasset" 419
"E:/ARCHIVOS/Proyectos 7/GameFeel/Content/Isometric-Interiors/Meshes/SM_Wall_4_14.uasset" 420
"E:/ARCHIVOS/Proyectos 7/GameFeel/Content/Isometric-Interiors/Meshes/SM_Wall_4_4.uasset" 421
"E:/ARCHIVOS/Proyectos 7/GameFeel/Content/Isometric-Interiors/Meshes/SM_Wall_4_7.uasset" 422
"E:/ARCHIVOS/Proyectos 7/GameFeel/Content/Isometric-Interiors/Meshes/SM_WardRobe_2A.uasset" 423
"E:/ARCHIVOS/Proyectos 7/GameFeel/Content/Isometric-Interiors/Maps/Map_4.umap" 424
"E:/ARCHIVOS/Proyectos 7/GameFeel/Content/Isometric-Interiors/Maps/Map_5_BuiltData.uasset" 425
"E:/ARCHIVOS/Proyectos 7/GameFeel/Content/Isometric-Interiors/Mirror_Cubemap/Mirror_5_Tex.uasset" 426
"E:/ARCHIVOS/Proyectos 7/GameFeel/Content/Isometric-Interiors/Materials/M_Mirror_Glass_5.uasset" 427
"E:/ARCHIVOS/Proyectos 7/GameFeel/Content/Isometric-Interiors/Mirror_Cubemap/Mirror_6_Tex.uasset" 428
"E:/ARCHIVOS/Proyectos 7/GameFeel/Content/Isometric-Interiors/Materials/M_Mirror_Glass_6.uasset" 429
"E:/ARCHIVOS/Proyectos 7/GameFeel/Content/Isometric-Interiors/Mirror_Cubemap/Mirror_7_Tex.uasset" 430
"E:/ARCHIVOS/Proyectos 7/GameFeel/Content/Isometric-Interiors/Materials/M_Mirror_Glass_7.uasset" 431
"E:/ARCHIVOS/Proyectos 7/GameFeel/Content/Isometric-Interiors/Meshes/SM_Couch_3A.uasset" 432
"E:/ARCHIVOS/Proyectos 7/GameFeel/Content/Isometric-Interiors/Meshes/SM_Cupboard_1_2.uasset" 433
"E:/ARCHIVOS/Proyectos 7/GameFeel/Content/Isometric-Interiors/Meshes/SM_Cupboard_2_1.uasset" 434
"E:/ARCHIVOS/Proyectos 7/GameFeel/Content/Isometric-Interiors/Meshes/SM_Cupboard_2_2.uasset" 435
"E:/ARCHIVOS/Proyectos 7/GameFeel/Content/Isometric-Interiors/Meshes/SM_Cupboard_2_4.uasset" 436
"E:/ARCHIVOS/Proyectos 7/GameFeel/Content/Isometric-Interiors/Meshes/SM_Desk_1.uasset" 437
"E:/ARCHIVOS/Proyectos 7/GameFeel/Content/Isometric-Interiors/Meshes/SM_Floor_4B.uasset" 438
"E:/ARCHIVOS/Proyectos 7/GameFeel/Content/Isometric-Interiors/Meshes/SM_Lamp_1B.uasset" 439
"E:/ARCHIVOS/Proyectos 7/GameFeel/Content/Isometric-Interiors/Meshes/SM_Paint_4.uasset" 440
"E:/ARCHIVOS/Proyectos 7/GameFeel/Content/Isometric-Interiors/Meshes/SM_Paint_6.uasset" 441
"E:/ARCHIVOS/Proyectos 7/GameFeel/Content/Isometric-Interiors/Meshes/SM_Paint_7.uasset" 442
"E:/ARCHIVOS/Proyectos 7/GameFeel/Content/Isometric-Interiors/Meshes/SM_Paint_8.uasset" 443
"E:/ARCHIVOS/Proyectos 7/GameFeel/Content/Isometric-Interiors/Meshes/SM_Pillow_3B.uasset" 444
"E:/ARCHIVOS/Proyectos 7/GameFeel/Content/Isometric-Interiors/Meshes/SM_Shelves_2B.uasset" 445
"E:/ARCHIVOS/Proyectos 7/GameFeel/Content/Isometric-Interiors/Meshes/SM_Stool_1A.uasset" 446
"E:/ARCHIVOS/Proyectos 7/GameFeel/Content/Isometric-Interiors/Meshes/SM_Wall_1_17.uasset" 447
"E:/ARCHIVOS/Proyectos 7/GameFeel/Content/Isometric-Interiors/Meshes/SM_Wall_1_2.uasset" 448
"E:/ARCHIVOS/Proyectos 7/GameFeel/Content/Isometric-Interiors/Meshes/SM_Wall_1_3.uasset" 449
"E:/ARCHIVOS/Proyectos 7/GameFeel/Content/Isometric-Interiors/Meshes/SM_Wall_1_7.uasset" 450
"E:/ARCHIVOS/Proyectos 7/GameFeel/Content/Isometric-Interiors/Meshes/SM_Wall_2_1.uasset" 451
"E:/ARCHIVOS/Proyectos 7/GameFeel/Content/Isometric-Interiors/Meshes/SM_Wall_2_11.uasset" 452
"E:/ARCHIVOS/Proyectos 7/GameFeel/Content/Isometric-Interiors/Meshes/SM_Wall_2_14.uasset" 453
"E:/ARCHIVOS/Proyectos 7/GameFeel/Content/Isometric-Interiors/Meshes/SM_Wall_2_15.uasset" 454
"E:/ARCHIVOS/Proyectos 7/GameFeel/Content/Isometric-Interiors/Meshes/SM_Wall_2_4.uasset" 455
"E:/ARCHIVOS/Proyectos 7/GameFeel/Content/Isometric-Interiors/Meshes/SM_Wall_4_11.uasset" 456
"E:/ARCHIVOS/Proyectos 7/GameFeel/Content/Isometric-Interiors/Meshes/SM_Wall_4_6.uasset" 457
"E:/ARCHIVOS/Proyectos 7/GameFeel/Content/Isometric-Interiors/Meshes/SM_Wall_4_9.uasset" 458
"E:/ARCHIVOS/Proyectos 7/GameFeel/Content/Isometric-Interiors/Meshes/SM_WardRobe_1B.uasset" 459
"E:/ARCHIVOS/Proyectos 7/GameFeel/Content/Isometric-Interiors/Meshes/SM_Window_1B.uasset" 460
"E:/ARCHIVOS/Proyectos 7/GameFeel/Content/Isometric-Interiors/Meshes/SM_Window_2A.uasset" 461
"E:/ARCHIVOS/Proyectos 7/GameFeel/Content/Isometric-Interiors/Meshes/SM_Window_3B.uasset" 462
"E:/ARCHIVOS/Proyectos 7/GameFeel/Content/Isometric-Interiors/Maps/Map_5.umap" 463
"E:/ARCHIVOS/Proyectos 7/GameFeel/Content/Isometric-Interiors/Maps/Overview_Map_BuiltData.uasset" 464
"../../../Engine/Content/MapTemplates/SM_Template_Map_Floor.uasset" 465
"E:/ARCHIVOS/Proyectos 7/GameFeel/Content/Isometric-Interiors/Meshes/SM_Couch_1A.uasset" 466
"E:/ARCHIVOS/Proyectos 7/GameFeel/Content/Isometric-Interiors/Meshes/SM_Couch_2A.uasset" 467
"E:/ARCHIVOS/Proyectos 7/GameFeel/Content/Isometric-Interiors/Meshes/SM_Drawer_1A.uasset" 468
"E:/ARCHIVOS/Proyectos 7/GameFeel/Content/Isometric-Interiors/Meshes/SM_Drawer_1B.uasset" 469
"E:/ARCHIVOS/Proyectos 7/GameFeel/Content/Isometric-Interiors/Meshes/SM_Kitchen_Cabinet_2B.uasset" 470
"E:/ARCHIVOS/Proyectos 7/GameFeel/Content/Isometric-Interiors/Meshes/SM_Kitchen_Cabinet_3B.uasset" 471
"E:/ARCHIVOS/Proyectos 7/GameFeel/Content/Isometric-Interiors/Meshes/SM_Pillow_1A.uasset" 472
"E:/ARCHIVOS/Proyectos 7/GameFeel/Content/Isometric-Interiors/Meshes/SM_Shelves_3B.uasset" 473
"E:/ARCHIVOS/Proyectos 7/GameFeel/Content/Isometric-Interiors/Meshes/SM_Stool_1B.uasset" 474
"E:/ARCHIVOS/Proyectos 7/GameFeel/Content/Isometric-Interiors/Meshes/SM_Table_4.uasset" 475
"E:/ARCHIVOS/Proyectos 7/GameFeel/Content/Isometric-Interiors/Meshes/SM_Table_6A.uasset" 476
"E:/ARCHIVOS/Proyectos 7/GameFeel/Content/Isometric-Interiors/Meshes/SM_Wall_1_10.uasset" 477
"E:/ARCHIVOS/Proyectos 7/GameFeel/Content/Isometric-Interiors/Meshes/SM_Wall_1_11.uasset" 478
"E:/ARCHIVOS/Proyectos 7/GameFeel/Content/Isometric-Interiors/Meshes/SM_Wall_1_12.uasset" 479
"E:/ARCHIVOS/Proyectos 7/GameFeel/Content/Isometric-Interiors/Meshes/SM_Wall_1_13.uasset" 480
"E:/ARCHIVOS/Proyectos 7/GameFeel/Content/Isometric-Interiors/Meshes/SM_Wall_1_4.uasset" 481
"E:/ARCHIVOS/Proyectos 7/GameFeel/Content/Isometric-Interiors/Meshes/SM_Wall_1_5.uasset" 482
"E:/ARCHIVOS/Proyectos 7/GameFeel/Content/Isometric-Interiors/Meshes/SM_Wall_1_8.uasset" 483
"E:/ARCHIVOS/Proyectos 7/GameFeel/Content/Isometric-Interiors/Meshes/SM_Wall_1_9.uasset" 484
"E:/ARCHIVOS/Proyectos 7/GameFeel/Content/Isometric-Interiors/Meshes/SM_Wall_2_10.uasset" 485
"E:/ARCHIVOS/Proyectos 7/GameFeel/Content/Isometric-Interiors/Meshes/SM_Wall_2_12.uasset" 486
"E:/ARCHIVOS/Proyectos 7/GameFeel/Content/Isometric-Interiors/Meshes/SM_Wall_2_13.uasset" 487
"E:/ARCHIVOS/Proyectos 7/GameFeel/Content/Isometric-Interiors/Meshes/SM_Wall_2_16.uasset" 488
"E:/ARCHIVOS/Proyectos 7/GameFeel/Content/Isometric-Interiors/Meshes/SM_Wall_2_3.uasset" 489
"E:/ARCHIVOS/Proyectos 7/GameFeel/Content/Isometric-Interiors/Meshes/SM_Wall_2_7.uasset" 490
"E:/ARCHIVOS/Proyectos 7/GameFeel/Content/Isometric-Interiors/Meshes/SM_Wall_3_10.uasset" 491
"E:/ARCHIVOS/Proyectos 7/GameFeel/Content/Isometric-Interiors/Meshes/SM_Wall_3_12.uasset" 492
"E:/ARCHIVOS/Proyectos 7/GameFeel/Content/Isometric-Interiors/Meshes/SM_Wall_3_2.uasset" 493
"E:/ARCHIVOS/Proyectos 7/GameFeel/Content/Isometric-Interiors/Meshes/SM_Wall_3_4.uasset" 494
"E:/ARCHIVOS/Proyectos 7/GameFeel/Content/Isometric-Interiors/Meshes/SM_Wall_3_5.uasset" 495
"E:/ARCHIVOS/Proyectos 7/GameFeel/Content/Isometric-Interiors/Meshes/SM_Wall_3_8.uasset" 496
"E:/ARCHIVOS/Proyectos 7/GameFeel/Content/Isometric-Interiors/Meshes/SM_Wall_3_9.uasset" 497
"E:/ARCHIVOS/Proyectos 7/GameFeel/Content/Isometric-Interiors/Meshes/SM_Wall_4_2.uasset" 498
"E:/ARCHIVOS/Proyectos 7/GameFeel/Content/Isometric-Interiors/Meshes/SM_Wall_4_3.uasset" 499
"E:/ARCHIVOS/Proyectos 7/GameFeel/Content/Isometric-Interiors/Meshes/SM_Wall_4_5.uasset" 500
"E:/ARCHIVOS/Proyectos 7/GameFeel/Content/Isometric-Interiors/Meshes/SM_Wall_4_8.uasset" 501
"E:/ARCHIVOS/Proyectos 7/GameFeel/Content/Isometric-Interiors/Meshes/SM_WardRobe_2B.uasset" 502
"E:/ARCHIVOS/Proyectos 7/GameFeel/Content/Isometric-Interiors/Meshes/SM_Window_2B.uasset" 503
"E:/ARCHIVOS/Proyectos 7/GameFeel/Content/Isometric-Interiors/Meshes/SM_Window_5A.uasset" 504
"E:/ARCHIVOS/Proyectos 7/GameFeel/Content/Isometric-Interiors/Maps/Overview_Map.umap" 505
"E:/ARCHIVOS/Proyectos 7/GameFeel/Content/BP/Enemy/EnemyAI.uasset" 506
"E:/ARCHIVOS/Proyectos 7/GameFeel/Content/BP/PickUps/TV_PickUp.uasset" 507
"../../../Engine/Content/BasicShapes/BasicShapeMaterial.uasset" 508
"../../../Engine/Content/BasicShapes/Cube.uasset" 509
"E:/ARCHIVOS/Proyectos 7/GameFeel/Content/Levels/Level_1.umap" 510
"E:/ARCHIVOS/Proyectos 7/GameFeel/Content/Levels/Level_2.umap" 511
"E:/ARCHIVOS/Proyectos 7/GameFeel/Content/Levels/Level_3.umap" 512
"E:/ARCHIVOS/Proyectos 7/GameFeel/Content/Levels/MainMenu.umap" 513
"../../../Engine/Content/Maps/Entry_BuiltData.uasset" 514
"../../../Engine/Content/Maps/Entry.umap" 515
